<?xml version="1.0" encoding="UTF-8"?>
<!-- Generated by org.testng.reporters.JUnitReportReporter -->
<testsuite hostname="DESKTOP-UEA535H" failures="0" tests="1" name="assignment.Test_4" time="2.579" errors="0" timestamp="2024-10-03T12:59:43 IST" skipped="0">
  <testcase classname="assignment.Test_4" name="testLogin" time="2.579"/>
  <system-out/>
</testsuite> <!-- assignment.Test_4 -->
